<?xml version="1.0" encoding="UTF-8"?>
<!-- Generated by org.testng.reporters.JUnitXMLReporter -->
<testsuite ignored="0" hostname="user-Latitude-3440" failures="0" tests="4" name="RestAssuredMvenTnG" time="12.208" errors="0" timestamp="31 May 2025 17:30:15 GMT">
  <testcase classname="ApiTestcases.TestDDT" name="testcreateuser" time="8.099"/>
  <testcase classname="ApiTestcases.TestDDT" name="testcreateuser" time="1.802"/>
  <testcase classname="ApiTestcases.TestDDT" name="testcreateuser" time="1.558"/>
  <testcase classname="ApiTestcases.TestDDT" name="testgetuser" time="0.0">
    <skipped/>
  </testcase> <!-- testgetuser -->
</testsuite> <!-- RestAssuredMvenTnG -->
