<?xml version="1.0" encoding="UTF-8"?>
<!-- Generated by org.testng.reporters.JUnitXMLReporter -->
<testsuite ignored="0" hostname="user-Latitude-3440" failures="0" tests="4" name="RestAssuredMvenTnG" time="7.245" errors="0" timestamp="10 Jun 2025 19:05:47 GMT">
  <testcase classname="ApiTestcases.TestDDT" name="testcreateuser" time="2.731"/>
  <testcase classname="ApiTestcases.TestDDT" name="testcreateuser" time="1.879"/>
  <testcase classname="ApiTestcases.TestDDT" name="testcreateuser" time="1.707"/>
  <testcase classname="ApiTestcases.TestDDT" name="testgetuser" time="0.0">
    <skipped/>
  </testcase> <!-- testgetuser -->
</testsuite> <!-- RestAssuredMvenTnG -->
